\BOOKMARK [1][-]{section.1}{\376\377\000I\000n\000t\000r\000o\000d\000u\000c\000t\000i\000o\000n}{}% 1
\BOOKMARK [2][-]{subsection.1.1}{\376\377\000C\000o\000n\000t\000e\000x\000t\000e\000\040\000d\000u\000\040\000p\000r\000o\000j\000e\000t}{section.1}% 2
\BOOKMARK [2][-]{subsection.1.2}{\376\377\000O\000b\000j\000e\000c\000t\000i\000f\000s}{section.1}% 3
\BOOKMARK [2][-]{subsection.1.3}{\376\377\000A\000r\000c\000h\000i\000t\000e\000c\000t\000u\000r\000e\000\040\000g\000\351\000n\000\351\000r\000a\000l\000e}{section.1}% 4
\BOOKMARK [1][-]{section.2}{\376\377\000A\000r\000c\000h\000i\000t\000e\000c\000t\000u\000r\000e\000\040\000t\000e\000c\000h\000n\000i\000q\000u\000e\000\040\000d\000\351\000t\000a\000i\000l\000l\000\351\000e}{}% 5
\BOOKMARK [2][-]{subsection.2.1}{\376\377\000S\000t\000r\000u\000c\000t\000u\000r\000e\000\040\000d\000u\000\040\000p\000r\000o\000j\000e\000t}{section.2}% 6
\BOOKMARK [2][-]{subsection.2.2}{\376\377\000C\000o\000m\000p\000o\000s\000a\000n\000t\000s\000\040\000p\000r\000i\000n\000c\000i\000p\000a\000u\000x}{section.2}% 7
\BOOKMARK [3][-]{subsubsection.2.2.1}{\376\377\000A\000p\000p\000l\000i\000c\000a\000t\000i\000o\000n\000\040\000F\000l\000a\000s\000k\000\040\000\050\000a\000p\000p\000.\000p\000y\000\051}{subsection.2.2}% 8
\BOOKMARK [3][-]{subsubsection.2.2.2}{\376\377\000S\000y\000s\000t\000\350\000m\000e\000\040\000d\000e\000\040\000b\000a\000s\000e\000\040\000d\000e\000\040\000d\000o\000n\000n\000\351\000e\000s}{subsection.2.2}% 9
\BOOKMARK [2][-]{subsection.2.3}{\376\377\000S\000\351\000c\000u\000r\000i\000t\000\351\000\040\000e\000t\000\040\000r\000o\000b\000u\000s\000t\000e\000s\000s\000e}{section.2}% 10
\BOOKMARK [1][-]{section.3}{\376\377\000U\000t\000i\000l\000i\000s\000a\000t\000i\000o\000n\000\040\000d\000e\000\040\000l\000'\000i\000n\000t\000e\000l\000l\000i\000g\000e\000n\000c\000e\000\040\000a\000r\000t\000i\000f\000i\000c\000i\000e\000l\000l\000e}{}% 11
\BOOKMARK [2][-]{subsection.3.1}{\376\377\000R\000\364\000l\000e\000\040\000d\000e\000\040\000l\000'\000I\000A\000\040\000d\000a\000n\000s\000\040\000l\000e\000\040\000d\000\351\000v\000e\000l\000o\000p\000p\000e\000m\000e\000n\000t}{section.3}% 12
\BOOKMARK [3][-]{subsubsection.3.1.1}{\376\377\000G\000\351\000n\000\351\000r\000a\000t\000i\000o\000n\000\040\000d\000e\000\040\000c\000o\000d\000e\000\040\000a\000s\000s\000i\000s\000t\000\351\000e}{subsection.3.1}% 13
\BOOKMARK [3][-]{subsubsection.3.1.2}{\376\377\000O\000p\000t\000i\000m\000i\000s\000a\000t\000i\000o\000n\000\040\000d\000e\000s\000\040\000a\000l\000g\000o\000r\000i\000t\000h\000m\000e\000s}{subsection.3.1}% 14
\BOOKMARK [3][-]{subsubsection.3.1.3}{\376\377\000A\000i\000d\000e\000\040\000\340\000\040\000l\000a\000\040\000c\000o\000n\000c\000e\000p\000t\000i\000o\000n}{subsection.3.1}% 15
\BOOKMARK [2][-]{subsection.3.2}{\376\377\000P\000r\000o\000m\000p\000t\000\040\000e\000n\000g\000i\000n\000e\000e\000r\000i\000n\000g\000\040\000p\000o\000u\000r\000\040\000l\000'\000e\000x\000t\000r\000a\000c\000t\000i\000o\000n}{section.3}% 16
\BOOKMARK [1][-]{section.4}{\376\377\000I\000n\000t\000\351\000g\000r\000a\000t\000i\000o\000n\000\040\000d\000e\000\040\000M\000i\000s\000t\000r\000a\000l\000\040\000A\000I}{}% 17
\BOOKMARK [2][-]{subsection.4.1}{\376\377\000A\000r\000c\000h\000i\000t\000e\000c\000t\000u\000r\000e\000\040\000d\000e\000\040\000l\000'\000i\000n\000t\000\351\000g\000r\000a\000t\000i\000o\000n\000\040\000I\000A}{section.4}% 18
\BOOKMARK [2][-]{subsection.4.2}{\376\377\000C\000o\000n\000f\000i\000g\000u\000r\000a\000t\000i\000o\000n\000\040\000t\000e\000c\000h\000n\000i\000q\000u\000e}{section.4}% 19
\BOOKMARK [2][-]{subsection.4.3}{\376\377\000M\000\351\000c\000a\000n\000i\000s\000m\000e\000\040\000d\000'\000e\000x\000t\000r\000a\000c\000t\000i\000o\000n}{section.4}% 20
\BOOKMARK [2][-]{subsection.4.4}{\376\377\000G\000e\000s\000t\000i\000o\000n\000\040\000d\000e\000s\000\040\000e\000r\000r\000e\000u\000r\000s\000\040\000e\000t\000\040\000f\000a\000l\000l\000b\000a\000c\000k}{section.4}% 21
\BOOKMARK [2][-]{subsection.4.5}{\376\377\000P\000e\000r\000f\000o\000r\000m\000a\000n\000c\000e\000\040\000e\000t\000\040\000o\000p\000t\000i\000m\000i\000s\000a\000t\000i\000o\000n}{section.4}% 22
\BOOKMARK [1][-]{section.5}{\376\377\000D\000\351\000v\000e\000l\000o\000p\000p\000e\000m\000e\000n\000t\000\040\000d\000e\000\040\000l\000'\000i\000n\000t\000e\000r\000f\000a\000c\000e\000\040\000u\000t\000i\000l\000i\000s\000a\000t\000e\000u\000r}{}% 23
\BOOKMARK [2][-]{subsection.5.1}{\376\377\000A\000r\000c\000h\000i\000t\000e\000c\000t\000u\000r\000e\000\040\000H\000T\000M\000L\000/\000C\000S\000S}{section.5}% 24
\BOOKMARK [3][-]{subsubsection.5.1.1}{\376\377\000S\000t\000r\000u\000c\000t\000u\000r\000e\000\040\000d\000e\000s\000\040\000t\000e\000m\000p\000l\000a\000t\000e\000s}{subsection.5.1}% 25
\BOOKMARK [2][-]{subsection.5.2}{\376\377\000D\000e\000s\000i\000g\000n\000\040\000r\000e\000s\000p\000o\000n\000s\000i\000v\000e}{section.5}% 26
\BOOKMARK [2][-]{subsection.5.3}{\376\377\000I\000n\000t\000e\000r\000a\000c\000t\000i\000o\000n\000s\000\040\000u\000t\000i\000l\000i\000s\000a\000t\000e\000u\000r}{section.5}% 27
\BOOKMARK [1][-]{section.6}{\376\377\000T\000e\000s\000t\000s\000\040\000e\000t\000\040\000v\000a\000l\000i\000d\000a\000t\000i\000o\000n}{}% 28
\BOOKMARK [2][-]{subsection.6.1}{\376\377\000S\000t\000r\000a\000t\000\351\000g\000i\000e\000\040\000d\000e\000\040\000t\000e\000s\000t}{section.6}% 29
\BOOKMARK [2][-]{subsection.6.2}{\376\377\000S\000c\000\351\000n\000a\000r\000i\000o\000s\000\040\000t\000e\000s\000t\000\351\000s}{section.6}% 30
\BOOKMARK [2][-]{subsection.6.3}{\376\377\000R\000\351\000s\000u\000l\000t\000a\000t\000s\000\040\000e\000t\000\040\000a\000m\000\351\000l\000i\000o\000r\000a\000t\000i\000o\000n\000s}{section.6}% 31
\BOOKMARK [1][-]{section.7}{\376\377\000D\000i\000f\000f\000i\000c\000u\000l\000t\000\351\000s\000\040\000r\000e\000n\000c\000o\000n\000t\000r\000\351\000e\000s\000\040\000e\000t\000\040\000s\000o\000l\000u\000t\000i\000o\000n\000s}{}% 32
\BOOKMARK [2][-]{subsection.7.1}{\376\377\000P\000r\000o\000b\000l\000\350\000m\000e\000s\000\040\000t\000e\000c\000h\000n\000i\000q\000u\000e\000s\000\040\000m\000a\000j\000e\000u\000r\000s}{section.7}% 33
\BOOKMARK [3][-]{subsubsection.7.1.1}{\376\377\000C\000o\000n\000n\000e\000x\000i\000o\000n\000\040\000I\000M\000A\000P\000\040\000i\000n\000s\000t\000a\000b\000l\000e}{subsection.7.1}% 34
\BOOKMARK [3][-]{subsubsection.7.1.2}{\376\377\000E\000x\000t\000r\000a\000c\000t\000i\000o\000n\000\040\000I\000A\000\040\000i\000m\000p\000r\000\351\000c\000i\000s\000e}{subsection.7.1}% 35
\BOOKMARK [3][-]{subsubsection.7.1.3}{\376\377\000P\000e\000r\000f\000o\000r\000m\000a\000n\000c\000e\000s\000\040\000b\000a\000s\000e\000\040\000d\000e\000\040\000d\000o\000n\000n\000\351\000e\000s}{subsection.7.1}% 36
\BOOKMARK [2][-]{subsection.7.2}{\376\377\000C\000h\000a\000l\000l\000e\000n\000g\000e\000s\000\040\000d\000'\000i\000n\000t\000\351\000g\000r\000a\000t\000i\000o\000n}{section.7}% 37
\BOOKMARK [1][-]{section.8}{\376\377\000C\000o\000n\000c\000l\000u\000s\000i\000o\000n\000\040\000e\000t\000\040\000p\000e\000r\000s\000p\000e\000c\000t\000i\000v\000e\000s}{}% 38
\BOOKMARK [2][-]{subsection.8.1}{\376\377\000B\000i\000l\000a\000n\000\040\000d\000u\000\040\000p\000r\000o\000j\000e\000t}{section.8}% 39
\BOOKMARK [3][-]{subsubsection.8.1.1}{\376\377\000R\000\351\000a\000l\000i\000s\000a\000t\000i\000o\000n\000s\000\040\000p\000r\000i\000n\000c\000i\000p\000a\000l\000e\000s}{subsection.8.1}% 40
\BOOKMARK [3][-]{subsubsection.8.1.2}{\376\377\000C\000o\000m\000p\000\351\000t\000e\000n\000c\000e\000s\000\040\000d\000\351\000v\000e\000l\000o\000p\000p\000\351\000e\000s}{subsection.8.1}% 41
\BOOKMARK [2][-]{subsection.8.2}{\376\377\000P\000e\000r\000s\000p\000e\000c\000t\000i\000v\000e\000s\000\040\000d\000'\000\351\000v\000o\000l\000u\000t\000i\000o\000n}{section.8}% 42
\BOOKMARK [2][-]{subsection.8.3}{\376\377\000R\000e\000s\000s\000o\000u\000r\000c\000e\000s\000\040\000e\000t\000\040\000r\000\351\000f\000\351\000r\000e\000n\000c\000e\000s}{section.8}% 43
\BOOKMARK [1][-]{subsection.8.3}{\376\377\000A\000n\000n\000e\000x\000e\000s}{}% 44
\BOOKMARK [2][-]{subsection.8.4}{\376\377\000A\000n\000n\000e\000x\000e\000\040\000A\000\040\000:\000\040\000I\000n\000s\000t\000a\000l\000l\000a\000t\000i\000o\000n\000\040\000e\000t\000\040\000e\000x\000\351\000c\000u\000t\000i\000o\000n\000\040\000d\000\351\000t\000a\000i\000l\000l\000\351\000e\000s}{subsection.8.3}% 45
\BOOKMARK [3][-]{subsubsection.8.4.1}{\376\377\000P\000r\000\351\000r\000e\000q\000u\000i\000s\000\040\000s\000y\000s\000t\000\350\000m\000e}{subsection.8.4}% 46
\BOOKMARK [3][-]{subsubsection.8.4.2}{\376\377\000I\000n\000s\000t\000a\000l\000l\000a\000t\000i\000o\000n\000\040\000p\000a\000s\000\040\000\340\000\040\000p\000a\000s}{subsection.8.4}% 47
\BOOKMARK [2][-]{subsection.8.5}{\376\377\000A\000n\000n\000e\000x\000e\000\040\000B\000\040\000:\000\040\000E\000x\000e\000m\000p\000l\000e\000s\000\040\000d\000'\000e\000x\000\351\000c\000u\000t\000i\000o\000n}{subsection.8.3}% 48
\BOOKMARK [2][-]{subsection.8.6}{\376\377\000A\000n\000n\000e\000x\000e\000\040\000C\000\040\000:\000\040\000C\000o\000d\000e\000\040\000s\000o\000u\000r\000c\000e\000\040\000c\000o\000m\000p\000l\000e\000t}{subsection.8.3}% 49
